
/home/runner/work/exp-torsional-response-iiith/exp-torsional-response-iiith/experiment/simulation/js/main.js
  137:17  warning  'math' is not defined                        no-undef
  141:34  warning  'math' is not defined                        no-undef
  141:51  warning  'math' is not defined                        no-undef
  141:81  warning  'math' is not defined                        no-undef
  141:98  warning  'math' is not defined                        no-undef
  143:34  warning  'math' is not defined                        no-undef
  143:51  warning  'math' is not defined                        no-undef
  143:81  warning  'math' is not defined                        no-undef
  143:98  warning  'math' is not defined                        no-undef
  153:19  warning  'math' is not defined                        no-undef
  160:17  warning  'math' is not defined                        no-undef
  160:35  warning  'math' is not defined                        no-undef
  160:54  warning  'math' is not defined                        no-undef
  160:71  warning  'math' is not defined                        no-undef
  162:16  warning  'math' is not defined                        no-undef
  163:16  warning  'math' is not defined                        no-undef
  166:19  warning  'math' is not defined                        no-undef
  166:28  warning  'math' is not defined                        no-undef
  166:47  warning  'math' is not defined                        no-undef
  179:13  warning  'math' is not defined                        no-undef
  179:22  warning  'math' is not defined                        no-undef
  180:13  warning  'math' is not defined                        no-undef
  180:22  warning  'math' is not defined                        no-undef
  314:8   warning  'border' is assigned a value but never used  no-unused-vars
  351:30  warning  'k' is defined but never used                no-unused-vars
  366:4   warning  'math' is not defined                        no-undef
  366:18  warning  'math' is not defined                        no-undef
  367:4   warning  'math' is not defined                        no-undef
  367:18  warning  'math' is not defined                        no-undef
  370:4   warning  'math' is not defined                        no-undef
  370:18  warning  'math' is not defined                        no-undef
  371:4   warning  'math' is not defined                        no-undef
  371:18  warning  'math' is not defined                        no-undef

✖ 33 problems (0 errors, 33 warnings)

